{"/Users/amar/Documents/hrsf119/front-end-capstone/service/related-listings/client/src/components/App.jsx": {"path":"/Users/amar/Documents/hrsf119/front-end-capstone/service/related-listings/client/src/components/App.jsx","statementMap":{"0":{"start":{"line":6,"column":4},"end":{"line":6,"column":17}},"1":{"start":{"line":8,"column":4},"end":{"line":12,"column":5}},"2":{"start":{"line":14,"column":4},"end":{"line":14,"column":59}},"3":{"start":{"line":15,"column":4},"end":{"line":15,"column":57}},"4":{"start":{"line":16,"column":4},"end":{"line":16,"column":45}},"5":{"start":{"line":17,"column":4},"end":{"line":17,"column":55}},"6":{"start":{"line":21,"column":24},"end":{"line":21,"column":26}},"7":{"start":{"line":22,"column":4},"end":{"line":33,"column":8}},"8":{"start":{"line":23,"column":19},"end":{"line":23,"column":29}},"9":{"start":{"line":25,"column":8},"end":{"line":29,"column":10}},"10":{"start":{"line":26,"column":10},"end":{"line":28,"column":11}},"11":{"start":{"line":27,"column":12},"end":{"line":27,"column":35}},"12":{"start":{"line":30,"column":8},"end":{"line":32,"column":10}},"13":{"start":{"line":37,"column":4},"end":{"line":39,"column":6}},"14":{"start":{"line":43,"column":4},"end":{"line":45,"column":6}},"15":{"start":{"line":49,"column":4},"end":{"line":51,"column":6}},"16":{"start":{"line":55,"column":4},"end":{"line":57,"column":6}},"17":{"start":{"line":62,"column":4},"end":{"line":87,"column":5}},"18":{"start":{"line":66,"column":33},"end":{"line":66,"column":76}},"19":{"start":{"line":68,"column":33},"end":{"line":68,"column":76}},"20":{"start":{"line":81,"column":33},"end":{"line":81,"column":72}},"21":{"start":{"line":83,"column":33},"end":{"line":83,"column":72}}},"fnMap":{"0":{"name":"(anonymous_0)","decl":{"start":{"line":5,"column":2},"end":{"line":5,"column":3}},"loc":{"start":{"line":5,"column":20},"end":{"line":18,"column":3}},"line":5},"1":{"name":"(anonymous_1)","decl":{"start":{"line":20,"column":2},"end":{"line":20,"column":3}},"loc":{"start":{"line":20,"column":21},"end":{"line":34,"column":3}},"line":20},"2":{"name":"(anonymous_2)","decl":{"start":{"line":23,"column":12},"end":{"line":23,"column":13}},"loc":{"start":{"line":23,"column":19},"end":{"line":23,"column":29}},"line":23},"3":{"name":"(anonymous_3)","decl":{"start":{"line":24,"column":12},"end":{"line":24,"column":13}},"loc":{"start":{"line":24,"column":20},"end":{"line":33,"column":7}},"line":24},"4":{"name":"(anonymous_4)","decl":{"start":{"line":25,"column":21},"end":{"line":25,"column":22}},"loc":{"start":{"line":25,"column":29},"end":{"line":29,"column":9}},"line":25},"5":{"name":"(anonymous_5)","decl":{"start":{"line":36,"column":2},"end":{"line":36,"column":3}},"loc":{"start":{"line":36,"column":12},"end":{"line":40,"column":3}},"line":36},"6":{"name":"(anonymous_6)","decl":{"start":{"line":42,"column":2},"end":{"line":42,"column":3}},"loc":{"start":{"line":42,"column":17},"end":{"line":46,"column":3}},"line":42},"7":{"name":"(anonymous_7)","decl":{"start":{"line":48,"column":2},"end":{"line":48,"column":3}},"loc":{"start":{"line":48,"column":19},"end":{"line":52,"column":3}},"line":48},"8":{"name":"(anonymous_8)","decl":{"start":{"line":54,"column":2},"end":{"line":54,"column":3}},"loc":{"start":{"line":54,"column":18},"end":{"line":58,"column":3}},"line":54},"9":{"name":"(anonymous_9)","decl":{"start":{"line":61,"column":2},"end":{"line":61,"column":3}},"loc":{"start":{"line":61,"column":10},"end":{"line":88,"column":3}},"line":61},"10":{"name":"(anonymous_10)","decl":{"start":{"line":66,"column":26},"end":{"line":66,"column":27}},"loc":{"start":{"line":66,"column":32},"end":{"line":66,"column":77}},"line":66},"11":{"name":"(anonymous_11)","decl":{"start":{"line":68,"column":26},"end":{"line":68,"column":27}},"loc":{"start":{"line":68,"column":32},"end":{"line":68,"column":77}},"line":68},"12":{"name":"(anonymous_12)","decl":{"start":{"line":81,"column":26},"end":{"line":81,"column":27}},"loc":{"start":{"line":81,"column":32},"end":{"line":81,"column":73}},"line":81},"13":{"name":"(anonymous_13)","decl":{"start":{"line":83,"column":26},"end":{"line":83,"column":27}},"loc":{"start":{"line":83,"column":32},"end":{"line":83,"column":73}},"line":83}},"branchMap":{"0":{"loc":{"start":{"line":26,"column":10},"end":{"line":28,"column":11}},"type":"if","locations":[{"start":{"line":26,"column":10},"end":{"line":28,"column":11}},{"start":{"line":26,"column":10},"end":{"line":28,"column":11}}],"line":26},"1":{"loc":{"start":{"line":65,"column":11},"end":{"line":69,"column":11}},"type":"cond-expr","locations":[{"start":{"line":66,"column":12},"end":{"line":66,"column":140}},{"start":{"line":68,"column":12},"end":{"line":68,"column":109}}],"line":65},"2":{"loc":{"start":{"line":80,"column":11},"end":{"line":84,"column":11}},"type":"cond-expr","locations":[{"start":{"line":81,"column":12},"end":{"line":81,"column":137}},{"start":{"line":83,"column":12},"end":{"line":83,"column":106}}],"line":80}},"s":{"0":4,"1":4,"2":4,"3":4,"4":4,"5":4,"6":0,"7":0,"8":0,"9":0,"10":0,"11":0,"12":0,"13":1,"14":1,"15":1,"16":1,"17":8,"18":1,"19":0,"20":0,"21":1},"f":{"0":4,"1":0,"2":0,"3":0,"4":0,"5":1,"6":1,"7":1,"8":1,"9":8,"10":1,"11":0,"12":0,"13":1},"b":{"0":[0,0],"1":[4,4],"2":[0,8]},"_coverageSchema":"43e27e138ebf9cfc5966b082cf9a028302ed4184","hash":"d435aab271d10582ac45d2af787f94fae750e8db"}
,"/Users/amar/Documents/hrsf119/front-end-capstone/service/related-listings/client/src/components/Carousel.jsx": {"path":"/Users/amar/Documents/hrsf119/front-end-capstone/service/related-listings/client/src/components/Carousel.jsx","statementMap":{"0":{"start":{"line":3,"column":14},"end":{"line":3,"column":30}},"1":{"start":{"line":7,"column":4},"end":{"line":7,"column":17}},"2":{"start":{"line":9,"column":4},"end":{"line":12,"column":5}},"3":{"start":{"line":16,"column":4},"end":{"line":18,"column":5}}},"fnMap":{"0":{"name":"(anonymous_0)","decl":{"start":{"line":6,"column":2},"end":{"line":6,"column":3}},"loc":{"start":{"line":6,"column":20},"end":{"line":13,"column":3}},"line":6},"1":{"name":"(anonymous_1)","decl":{"start":{"line":15,"column":2},"end":{"line":15,"column":3}},"loc":{"start":{"line":15,"column":10},"end":{"line":19,"column":3}},"line":15}},"branchMap":{},"s":{"0":2,"1":2,"2":2,"3":2},"f":{"0":2,"1":2},"b":{},"_coverageSchema":"43e27e138ebf9cfc5966b082cf9a028302ed4184","hash":"35a33d6945833012ce69e0b0741f5b765b7eb2cb"}
,"/Users/amar/Documents/hrsf119/front-end-capstone/service/related-listings/client/src/components/Listings.jsx": {"path":"/Users/amar/Documents/hrsf119/front-end-capstone/service/related-listings/client/src/components/Listings.jsx","statementMap":{"0":{"start":{"line":7,"column":4},"end":{"line":7,"column":17}},"1":{"start":{"line":9,"column":4},"end":{"line":13,"column":5}},"2":{"start":{"line":15,"column":4},"end":{"line":15,"column":65}},"3":{"start":{"line":19,"column":4},"end":{"line":21,"column":6}},"4":{"start":{"line":25,"column":4},"end":{"line":25,"column":24}},"5":{"start":{"line":32,"column":19},"end":{"line":95,"column":6}},"6":{"start":{"line":33,"column":6},"end":{"line":94,"column":7}},"7":{"start":{"line":97,"column":4},"end":{"line":101,"column":5}},"8":{"start":{"line":98,"column":6},"end":{"line":98,"column":123}},"9":{"start":{"line":99,"column":11},"end":{"line":101,"column":5}},"10":{"start":{"line":100,"column":6},"end":{"line":100,"column":22}}},"fnMap":{"0":{"name":"(anonymous_0)","decl":{"start":{"line":6,"column":2},"end":{"line":6,"column":3}},"loc":{"start":{"line":6,"column":20},"end":{"line":16,"column":3}},"line":6},"1":{"name":"(anonymous_1)","decl":{"start":{"line":18,"column":2},"end":{"line":18,"column":3}},"loc":{"start":{"line":18,"column":22},"end":{"line":22,"column":3}},"line":18},"2":{"name":"(anonymous_2)","decl":{"start":{"line":24,"column":2},"end":{"line":24,"column":3}},"loc":{"start":{"line":24,"column":13},"end":{"line":27,"column":3}},"line":24},"3":{"name":"(anonymous_3)","decl":{"start":{"line":29,"column":2},"end":{"line":29,"column":3}},"loc":{"start":{"line":29,"column":10},"end":{"line":102,"column":3}},"line":29},"4":{"name":"(anonymous_4)","decl":{"start":{"line":32,"column":43},"end":{"line":32,"column":44}},"loc":{"start":{"line":32,"column":53},"end":{"line":95,"column":5}},"line":32}},"branchMap":{"0":{"loc":{"start":{"line":44,"column":15},"end":{"line":88,"column":16}},"type":"cond-expr","locations":[{"start":{"line":45,"column":16},"end":{"line":51,"column":22}},{"start":{"line":53,"column":15},"end":{"line":88,"column":16}}],"line":44},"1":{"loc":{"start":{"line":53,"column":15},"end":{"line":88,"column":16}},"type":"cond-expr","locations":[{"start":{"line":54,"column":16},"end":{"line":60,"column":22}},{"start":{"line":62,"column":15},"end":{"line":88,"column":16}}],"line":53},"2":{"loc":{"start":{"line":62,"column":15},"end":{"line":88,"column":16}},"type":"cond-expr","locations":[{"start":{"line":63,"column":17},"end":{"line":69,"column":23}},{"start":{"line":71,"column":15},"end":{"line":88,"column":16}}],"line":62},"3":{"loc":{"start":{"line":71,"column":15},"end":{"line":88,"column":16}},"type":"cond-expr","locations":[{"start":{"line":72,"column":16},"end":{"line":78,"column":22}},{"start":{"line":81,"column":17},"end":{"line":87,"column":22}}],"line":71},"4":{"loc":{"start":{"line":97,"column":4},"end":{"line":101,"column":5}},"type":"if","locations":[{"start":{"line":97,"column":4},"end":{"line":101,"column":5}},{"start":{"line":97,"column":4},"end":{"line":101,"column":5}}],"line":97},"5":{"loc":{"start":{"line":99,"column":11},"end":{"line":101,"column":5}},"type":"if","locations":[{"start":{"line":99,"column":11},"end":{"line":101,"column":5}},{"start":{"line":99,"column":11},"end":{"line":101,"column":5}}],"line":99}},"s":{"0":2,"1":2,"2":2,"3":0,"4":0,"5":2,"6":2,"7":2,"8":0,"9":2,"10":2},"f":{"0":2,"1":0,"2":0,"3":2,"4":2},"b":{"0":[0,2],"1":[0,2],"2":[0,2],"3":[0,2],"4":[0,2],"5":[2,0]},"_coverageSchema":"43e27e138ebf9cfc5966b082cf9a028302ed4184","hash":"2f5842e99c39be6f9ed4a16f29557b798366ad05"}
,"/Users/amar/Documents/hrsf119/front-end-capstone/service/related-listings/client/src/components/LoveHeart.jsx": {"path":"/Users/amar/Documents/hrsf119/front-end-capstone/service/related-listings/client/src/components/LoveHeart.jsx","statementMap":{"0":{"start":{"line":3,"column":18},"end":{"line":18,"column":1}},"1":{"start":{"line":4,"column":18},"end":{"line":9,"column":3}},"2":{"start":{"line":11,"column":2},"end":{"line":17,"column":3}}},"fnMap":{"0":{"name":"(anonymous_0)","decl":{"start":{"line":3,"column":18},"end":{"line":3,"column":19}},"loc":{"start":{"line":3,"column":29},"end":{"line":18,"column":1}},"line":3}},"branchMap":{},"s":{"0":4,"1":2,"2":2},"f":{"0":2},"b":{},"_coverageSchema":"43e27e138ebf9cfc5966b082cf9a028302ed4184","hash":"c7ff40e17f9a724dd95203b5371c625556654424"}
,"/Users/amar/Documents/hrsf119/front-end-capstone/service/related-listings/client/src/components/Modal.jsx": {"path":"/Users/amar/Documents/hrsf119/front-end-capstone/service/related-listings/client/src/components/Modal.jsx","statementMap":{"0":{"start":{"line":5,"column":4},"end":{"line":5,"column":17}},"1":{"start":{"line":7,"column":4},"end":{"line":9,"column":5}},"2":{"start":{"line":14,"column":20},"end":{"line":19,"column":5}},"3":{"start":{"line":20,"column":4},"end":{"line":51,"column":7}}},"fnMap":{"0":{"name":"(anonymous_0)","decl":{"start":{"line":4,"column":2},"end":{"line":4,"column":3}},"loc":{"start":{"line":4,"column":20},"end":{"line":11,"column":3}},"line":4},"1":{"name":"(anonymous_1)","decl":{"start":{"line":13,"column":2},"end":{"line":13,"column":3}},"loc":{"start":{"line":13,"column":10},"end":{"line":52,"column":3}},"line":13}},"branchMap":{},"s":{"0":1,"1":1,"2":1,"3":1},"f":{"0":1,"1":1},"b":{},"_coverageSchema":"43e27e138ebf9cfc5966b082cf9a028302ed4184","hash":"ee2fdbf836755e7b88f754f2bbcc26b1132b1e2b"}
,"/Users/amar/Documents/hrsf119/front-end-capstone/service/related-listings/server/index.js": {"path":"/Users/amar/Documents/hrsf119/front-end-capstone/service/related-listings/server/index.js","statementMap":{"0":{"start":{"line":1,"column":16},"end":{"line":1,"column":34}},"1":{"start":{"line":2,"column":19},"end":{"line":2,"column":41}},"2":{"start":{"line":3,"column":13},"end":{"line":3,"column":28}},"3":{"start":{"line":4,"column":11},"end":{"line":4,"column":32}},"4":{"start":{"line":6,"column":12},"end":{"line":6,"column":21}},"5":{"start":{"line":7,"column":13},"end":{"line":7,"column":17}},"6":{"start":{"line":9,"column":0},"end":{"line":9,"column":73}},"7":{"start":{"line":10,"column":0},"end":{"line":10,"column":51}},"8":{"start":{"line":12,"column":0},"end":{"line":17,"column":2}},"9":{"start":{"line":13,"column":20},"end":{"line":13,"column":53}},"10":{"start":{"line":14,"column":2},"end":{"line":16,"column":4}},"11":{"start":{"line":15,"column":4},"end":{"line":15,"column":19}},"12":{"start":{"line":19,"column":0},"end":{"line":24,"column":3}},"13":{"start":{"line":20,"column":20},"end":{"line":20,"column":44}},"14":{"start":{"line":21,"column":2},"end":{"line":23,"column":4}},"15":{"start":{"line":22,"column":4},"end":{"line":22,"column":19}},"16":{"start":{"line":26,"column":0},"end":{"line":28,"column":3}},"17":{"start":{"line":27,"column":2},"end":{"line":27,"column":43}},"18":{"start":{"line":30,"column":0},"end":{"line":30,"column":21}}},"fnMap":{"0":{"name":"(anonymous_0)","decl":{"start":{"line":12,"column":26},"end":{"line":12,"column":27}},"loc":{"start":{"line":12,"column":40},"end":{"line":17,"column":1}},"line":12},"1":{"name":"(anonymous_1)","decl":{"start":{"line":14,"column":24},"end":{"line":14,"column":25}},"loc":{"start":{"line":14,"column":47},"end":{"line":16,"column":3}},"line":14},"2":{"name":"(anonymous_2)","decl":{"start":{"line":19,"column":35},"end":{"line":19,"column":36}},"loc":{"start":{"line":19,"column":49},"end":{"line":24,"column":1}},"line":19},"3":{"name":"(anonymous_3)","decl":{"start":{"line":21,"column":24},"end":{"line":21,"column":25}},"loc":{"start":{"line":21,"column":47},"end":{"line":23,"column":3}},"line":21},"4":{"name":"(anonymous_4)","decl":{"start":{"line":26,"column":17},"end":{"line":26,"column":18}},"loc":{"start":{"line":26,"column":23},"end":{"line":28,"column":1}},"line":26}},"branchMap":{},"s":{"0":1,"1":1,"2":1,"3":1,"4":1,"5":1,"6":1,"7":1,"8":1,"9":1,"10":1,"11":1,"12":1,"13":0,"14":0,"15":0,"16":1,"17":1,"18":1},"f":{"0":1,"1":1,"2":0,"3":0,"4":1},"b":{},"_coverageSchema":"43e27e138ebf9cfc5966b082cf9a028302ed4184","hash":"be95ff0330529cc31bc3555ddf2e460250ea39d4"}
,"/Users/amar/Documents/hrsf119/front-end-capstone/service/related-listings/server/db/index.js": {"path":"/Users/amar/Documents/hrsf119/front-end-capstone/service/related-listings/server/db/index.js","statementMap":{"0":{"start":{"line":1,"column":14},"end":{"line":1,"column":30}},"1":{"start":{"line":3,"column":17},"end":{"line":8,"column":2}},"2":{"start":{"line":10,"column":0},"end":{"line":15,"column":3}},"3":{"start":{"line":11,"column":2},"end":{"line":14,"column":3}},"4":{"start":{"line":12,"column":4},"end":{"line":12,"column":21}},"5":{"start":{"line":13,"column":4},"end":{"line":13,"column":11}},"6":{"start":{"line":17,"column":0},"end":{"line":17,"column":28}}},"fnMap":{"0":{"name":"(anonymous_0)","decl":{"start":{"line":10,"column":19},"end":{"line":10,"column":20}},"loc":{"start":{"line":10,"column":28},"end":{"line":15,"column":1}},"line":10}},"branchMap":{"0":{"loc":{"start":{"line":11,"column":2},"end":{"line":14,"column":3}},"type":"if","locations":[{"start":{"line":11,"column":2},"end":{"line":14,"column":3}},{"start":{"line":11,"column":2},"end":{"line":14,"column":3}}],"line":11}},"s":{"0":1,"1":1,"2":1,"3":1,"4":0,"5":0,"6":1},"f":{"0":1},"b":{"0":[0,1]},"_coverageSchema":"43e27e138ebf9cfc5966b082cf9a028302ed4184","hash":"0440549d9b8874dfdd59252f782edac48ac9dedb"}
}
