TN:
SF:/Users/amar/Documents/hrsf119/front-end-capstone/service/related-listings/client/src/components/App.jsx
FN:5,(anonymous_0)
FN:20,(anonymous_1)
FN:23,(anonymous_2)
FN:24,(anonymous_3)
FN:25,(anonymous_4)
FN:36,(anonymous_5)
FN:42,(anonymous_6)
FN:48,(anonymous_7)
FN:54,(anonymous_8)
FN:61,(anonymous_9)
FN:66,(anonymous_10)
FN:68,(anonymous_11)
FN:81,(anonymous_12)
FN:83,(anonymous_13)
FNF:14
FNH:8
FNDA:4,(anonymous_0)
FNDA:0,(anonymous_1)
FNDA:0,(anonymous_2)
FNDA:0,(anonymous_3)
FNDA:0,(anonymous_4)
FNDA:1,(anonymous_5)
FNDA:1,(anonymous_6)
FNDA:1,(anonymous_7)
FNDA:1,(anonymous_8)
FNDA:8,(anonymous_9)
FNDA:1,(anonymous_10)
FNDA:0,(anonymous_11)
FNDA:0,(anonymous_12)
FNDA:1,(anonymous_13)
DA:6,4
DA:8,4
DA:14,4
DA:15,4
DA:16,4
DA:17,4
DA:21,0
DA:22,0
DA:23,0
DA:25,0
DA:26,0
DA:27,0
DA:30,0
DA:37,1
DA:43,1
DA:49,1
DA:55,1
DA:62,8
DA:66,1
DA:68,0
DA:81,0
DA:83,1
LF:22
LH:13
BRDA:26,0,0,0
BRDA:26,0,1,0
BRDA:65,1,0,4
BRDA:65,1,1,4
BRDA:80,2,0,0
BRDA:80,2,1,8
BRF:6
BRH:3
end_of_record
TN:
SF:/Users/amar/Documents/hrsf119/front-end-capstone/service/related-listings/client/src/components/Carousel.jsx
FN:6,(anonymous_0)
FN:15,(anonymous_1)
FNF:2
FNH:2
FNDA:2,(anonymous_0)
FNDA:2,(anonymous_1)
DA:3,2
DA:7,2
DA:9,2
DA:16,2
LF:4
LH:4
BRF:0
BRH:0
end_of_record
TN:
SF:/Users/amar/Documents/hrsf119/front-end-capstone/service/related-listings/client/src/components/Listings.jsx
FN:6,(anonymous_0)
FN:18,(anonymous_1)
FN:24,(anonymous_2)
FN:29,(anonymous_3)
FN:32,(anonymous_4)
FNF:5
FNH:3
FNDA:2,(anonymous_0)
FNDA:0,(anonymous_1)
FNDA:0,(anonymous_2)
FNDA:2,(anonymous_3)
FNDA:2,(anonymous_4)
DA:7,2
DA:9,2
DA:15,2
DA:19,0
DA:25,0
DA:32,2
DA:33,2
DA:97,2
DA:98,0
DA:99,2
DA:100,2
LF:11
LH:8
BRDA:44,0,0,0
BRDA:44,0,1,2
BRDA:53,1,0,0
BRDA:53,1,1,2
BRDA:62,2,0,0
BRDA:62,2,1,2
BRDA:71,3,0,0
BRDA:71,3,1,2
BRDA:97,4,0,0
BRDA:97,4,1,2
BRDA:99,5,0,2
BRDA:99,5,1,0
BRF:12
BRH:6
end_of_record
TN:
SF:/Users/amar/Documents/hrsf119/front-end-capstone/service/related-listings/client/src/components/LoveHeart.jsx
FN:3,(anonymous_0)
FNF:1
FNH:1
FNDA:2,(anonymous_0)
DA:3,4
DA:4,2
DA:11,2
LF:3
LH:3
BRF:0
BRH:0
end_of_record
TN:
SF:/Users/amar/Documents/hrsf119/front-end-capstone/service/related-listings/client/src/components/Modal.jsx
FN:4,(anonymous_0)
FN:13,(anonymous_1)
FNF:2
FNH:2
FNDA:1,(anonymous_0)
FNDA:1,(anonymous_1)
DA:5,1
DA:7,1
DA:14,1
DA:20,1
LF:4
LH:4
BRF:0
BRH:0
end_of_record
TN:
SF:/Users/amar/Documents/hrsf119/front-end-capstone/service/related-listings/server/index.js
FN:12,(anonymous_0)
FN:14,(anonymous_1)
FN:19,(anonymous_2)
FN:21,(anonymous_3)
FN:26,(anonymous_4)
FNF:5
FNH:3
FNDA:1,(anonymous_0)
FNDA:1,(anonymous_1)
FNDA:0,(anonymous_2)
FNDA:0,(anonymous_3)
FNDA:1,(anonymous_4)
DA:1,1
DA:2,1
DA:3,1
DA:4,1
DA:6,1
DA:7,1
DA:9,1
DA:10,1
DA:12,1
DA:13,1
DA:14,1
DA:15,1
DA:19,1
DA:20,0
DA:21,0
DA:22,0
DA:26,1
DA:27,1
DA:30,1
LF:19
LH:16
BRF:0
BRH:0
end_of_record
TN:
SF:/Users/amar/Documents/hrsf119/front-end-capstone/service/related-listings/server/db/index.js
FN:10,(anonymous_0)
FNF:1
FNH:1
FNDA:1,(anonymous_0)
DA:1,1
DA:3,1
DA:10,1
DA:11,1
DA:12,0
DA:13,0
DA:17,1
LF:7
LH:5
BRDA:11,0,0,0
BRDA:11,0,1,1
BRF:2
BRH:1
end_of_record
